TN:
SF:config\config.js
FNF:0
FNH:0
DA:1,1
DA:3,1
LF:2
LH:2
BRDA:5,0,0,1
BRDA:5,0,1,0
BRDA:6,1,0,1
BRDA:6,1,1,0
BRDA:7,2,0,1
BRDA:7,2,1,0
BRDA:8,3,0,1
BRDA:8,3,1,0
BRDA:9,4,0,1
BRDA:9,4,1,0
BRDA:13,5,0,1
BRDA:13,5,1,0
BRDA:14,6,0,1
BRDA:14,6,1,0
BRDA:15,7,0,1
BRDA:15,7,1,0
BRDA:16,8,0,1
BRDA:16,8,1,0
BRDA:17,9,0,1
BRDA:17,9,1,0
BRDA:21,10,0,1
BRDA:21,10,1,0
BRDA:22,11,0,1
BRDA:22,11,1,0
BRDA:23,12,0,1
BRDA:23,12,1,0
BRDA:24,13,0,1
BRDA:24,13,1,0
BRDA:25,14,0,1
BRDA:25,14,1,0
BRF:30
BRH:15
end_of_record
TN:
SF:models\accommodation.js
FN:5,(anonymous_0)
FN:12,(anonymous_1)
FN:29,(anonymous_2)
FNF:3
FNH:2
FNDA:1,(anonymous_0)
FNDA:0,(anonymous_1)
FNDA:1,(anonymous_2)
DA:4,1
DA:5,1
DA:16,1
DA:29,1
DA:31,1
DA:37,1
LF:6
LH:6
BRF:0
BRH:0
end_of_record
TN:
SF:models\chat.js
FN:5,(anonymous_0)
FN:12,(anonymous_1)
FNF:2
FNH:2
FNDA:1,(anonymous_0)
FNDA:1,(anonymous_1)
DA:4,1
DA:5,1
DA:16,1
DA:25,1
LF:4
LH:4
BRF:0
BRH:0
end_of_record
TN:
SF:models\feedback.js
FN:5,(anonymous_0)
FN:12,(anonymous_1)
FNF:2
FNH:2
FNDA:1,(anonymous_0)
FNDA:1,(anonymous_1)
DA:4,1
DA:5,1
DA:14,1
DA:21,1
DA:33,1
LF:5
LH:5
BRF:0
BRH:0
end_of_record
TN:
SF:models\index.js
FN:21,(anonymous_0)
FN:29,(anonymous_1)
FN:34,(anonymous_2)
FNF:3
FNH:3
FNDA:8,(anonymous_0)
FNDA:7,(anonymous_1)
FNDA:7,(anonymous_2)
DA:3,1
DA:4,1
DA:5,1
DA:6,1
DA:7,1
DA:8,1
DA:9,1
DA:10,1
DA:13,1
DA:14,0
DA:16,1
DA:19,1
DA:22,8
DA:30,7
DA:31,7
DA:34,1
DA:35,7
DA:36,7
DA:40,1
DA:41,1
DA:43,1
LF:21
LH:20
BRDA:8,0,0,1
BRDA:8,0,1,1
BRDA:13,1,0,0
BRDA:13,1,1,1
BRDA:23,2,0,8
BRDA:23,2,1,8
BRDA:23,2,2,7
BRDA:23,2,3,7
BRDA:35,3,0,7
BRDA:35,3,1,0
BRF:10
BRH:8
end_of_record
TN:
SF:models\notification.js
FN:5,(anonymous_0)
FN:12,(anonymous_1)
FNF:2
FNH:2
FNDA:1,(anonymous_0)
FNDA:1,(anonymous_1)
DA:4,1
DA:5,1
DA:16,1
DA:25,1
LF:4
LH:4
BRF:0
BRH:0
end_of_record
TN:
SF:models\room.js
FN:5,(anonymous_0)
FN:12,(anonymous_1)
FN:32,(anonymous_2)
FNF:3
FNH:2
FNDA:1,(anonymous_0)
FNDA:0,(anonymous_1)
FNDA:1,(anonymous_2)
DA:4,1
DA:5,1
DA:16,1
DA:32,1
DA:34,1
DA:40,1
LF:6
LH:6
BRF:0
BRH:0
end_of_record
TN:
SF:models\trip.js
FN:5,(anonymous_0)
FN:12,(anonymous_1)
FN:35,(anonymous_2)
FNF:3
FNH:2
FNDA:1,(anonymous_0)
FNDA:0,(anonymous_1)
FNDA:1,(anonymous_2)
DA:4,1
DA:5,1
DA:16,1
DA:35,1
DA:37,1
DA:43,1
DA:49,1
LF:7
LH:7
BRF:0
BRH:0
end_of_record
TN:
SF:models\user.js
FN:5,(anonymous_0)
FN:12,(anonymous_1)
FNF:2
FNH:2
FNDA:1,(anonymous_0)
FNDA:1,(anonymous_1)
DA:4,1
DA:5,1
DA:14,1
DA:19,1
DA:26,1
DA:58,1
LF:6
LH:6
BRF:0
BRH:0
end_of_record
TN:
SF:src\sample_dbTest.js
FN:8,(anonymous_0)
FN:20,(anonymous_1)
FNF:2
FNH:1
FNDA:0,(anonymous_0)
FNDA:1,(anonymous_1)
DA:1,1
DA:2,1
DA:4,1
DA:5,1
DA:6,1
DA:8,1
DA:9,0
DA:10,0
DA:11,0
DA:13,0
DA:14,0
DA:20,1
DA:21,1
DA:22,1
DA:25,1
DA:26,0
DA:30,1
DA:45,1
DA:47,0
DA:48,0
DA:52,1
LF:21
LH:13
BRDA:5,0,0,1
BRDA:5,0,1,0
BRDA:25,1,0,0
BRDA:25,1,1,1
BRDA:25,2,0,1
BRDA:25,2,1,1
BRDA:25,2,2,1
BRDA:25,2,3,1
BRDA:25,2,4,1
BRF:9
BRH:7
end_of_record
